<?xml version="1.0" encoding="UTF-8"?>
<!-- Generated by org.testng.reporters.JUnitReportReporter -->
<testsuite hostname="LAPTOP-FAP6QC75" failures="0" tests="7" name="com.automationpractice.signuptests.ValidateItemsFromShoppingCartTest" time="138.783" errors="0" timestamp="28 Sep 2020 16:28:33 GMT" skipped="0">
  <testcase classname="com.automationpractice.signuptests.ValidateItemsFromShoppingCartTest" name="validateItemsFromShoppingCartTest" time="19.402"/>
  <testcase classname="com.automationpractice.signuptests.ValidateItemsFromShoppingCartTest" name="validateItemsFromShoppingCartTest" time="23.679"/>
  <testcase classname="com.automationpractice.signuptests.ValidateItemsFromShoppingCartTest" name="validateItemsFromShoppingCartTest" time="19.044"/>
  <testcase classname="com.automationpractice.signuptests.ValidateItemsFromShoppingCartTest" name="validateItemsFromShoppingCartTest" time="17.379"/>
  <testcase classname="com.automationpractice.signuptests.ValidateItemsFromShoppingCartTest" name="validateItemsFromShoppingCartTest" time="17.615"/>
  <testcase classname="com.automationpractice.signuptests.ValidateItemsFromShoppingCartTest" name="validateItemsFromShoppingCartTest" time="22.942"/>
  <testcase classname="com.automationpractice.signuptests.ValidateItemsFromShoppingCartTest" name="validateItemsFromShoppingCartTest" time="18.722"/>
</testsuite> <!-- com.automationpractice.signuptests.ValidateItemsFromShoppingCartTest -->
